2015-05-27 16:34:35,920  ERROR  org.mortbay.log                           /containerapi/CSARs
javax.persistence.PersistenceException: Exception [EclipseLink-4002] (Eclipse Persistence Services - 2.3.2.v20111125-r10461): org.eclipse.persistence.exceptions.DatabaseException
Internal Exception: java.sql.SQLIntegrityConstraintViolationException: The statement was aborted because it would have caused a duplicate key value in a unique or primary key constraint or unique index identified by 'SQL150527161635970' defined on 'CSAR'.
Error Code: 20000
Call: INSERT INTO CSAR (csarID, toscaMetaFile) VALUES (?, ?)
	bind => [2 parameters bound]
Query: InsertObjectQuery(org.opentosca.core.model.csar.CSARContent@f1cddfb)
	at org.eclipse.persistence.internal.jpa.EntityManagerImpl.flush(EntityManagerImpl.java:786) ~[na:na]
	at org.eclipse.persistence.internal.jpa.EJBQueryImpl.performPreQueryFlush(EJBQueryImpl.java:1298) ~[na:na]
	at org.eclipse.persistence.internal.jpa.EJBQueryImpl.executeReadQuery(EJBQueryImpl.java:434) ~[na:na]
	at org.eclipse.persistence.internal.jpa.EJBQueryImpl.getResultList(EJBQueryImpl.java:742) ~[na:na]
	at org.opentosca.core.internal.file.service.impl.csar.jpa.CSARMetaDataJPAStore.getCSARIDsMetaData(CSARMetaDataJPAStore.java:166) ~[na:na]
	at org.opentosca.core.internal.file.service.impl.CoreInternalFileServiceImpl.getCSARIDs(CoreInternalFileServiceImpl.java:177) ~[na:na]
	at org.opentosca.core.file.service.impl.CoreFileServiceImpl.getCSARIDs(CoreFileServiceImpl.java:170) ~[na:na]
	at org.opentosca.containerapi.resources.csar.CSARsResource.getReferences(CSARsResource.java:89) ~[na:na]
	at sun.reflect.GeneratedMethodAccessor28.invoke(Unknown Source) ~[na:na]
	at sun.reflect.DelegatingMethodAccessorImpl.invoke(DelegatingMethodAccessorImpl.java:43) ~[na:1.7.0_79]
	at java.lang.reflect.Method.invoke(Method.java:606) ~[na:1.7.0_79]
	at com.sun.jersey.spi.container.JavaMethodInvokerFactory$1.invoke(JavaMethodInvokerFactory.java:60) ~[na:na]
	at com.sun.jersey.server.impl.model.method.dispatch.AbstractResourceMethodDispatchProvider$ResponseOutInvoker._dispatch(AbstractResourceMethodDispatchProvider.java:205) ~[na:na]
	at com.sun.jersey.server.impl.model.method.dispatch.ResourceJavaMethodDispatcher.dispatch(ResourceJavaMethodDispatcher.java:75) ~[na:na]
	at com.sun.jersey.server.impl.uri.rules.HttpMethodRule.accept(HttpMethodRule.java:302) ~[na:na]
	at com.sun.jersey.server.impl.uri.rules.ResourceClassRule.accept(ResourceClassRule.java:108) ~[na:na]
	at com.sun.jersey.server.impl.uri.rules.RightHandPathRule.accept(RightHandPathRule.java:147) ~[na:na]
	at com.sun.jersey.server.impl.uri.rules.RootResourceClassesRule.accept(RootResourceClassesRule.java:84) ~[na:na]
	at com.sun.jersey.server.impl.application.WebApplicationImpl._handleRequest(WebApplicationImpl.java:1511) ~[na:na]
	at com.sun.jersey.server.impl.application.WebApplicationImpl._handleRequest(WebApplicationImpl.java:1442) ~[na:na]
	at com.sun.jersey.server.impl.application.WebApplicationImpl.handleRequest(WebApplicationImpl.java:1391) ~[na:na]
	at com.sun.jersey.server.impl.application.WebApplicationImpl.handleRequest(WebApplicationImpl.java:1381) ~[na:na]
	at com.sun.jersey.spi.container.servlet.WebComponent.service(WebComponent.java:416) ~[na:na]
	at com.sun.jersey.spi.container.servlet.ServletContainer.service(ServletContainer.java:538) ~[na:na]
	at com.sun.jersey.spi.container.servlet.ServletContainer.service(ServletContainer.java:716) ~[na:na]
	at javax.servlet.http.HttpServlet.service(HttpServlet.java:820) ~[javax.servlet_2.5.0.v201103041518.jar:na]
	at org.eclipse.equinox.http.servlet.internal.ServletRegistration.service(ServletRegistration.java:61) ~[na:na]
	at org.eclipse.equinox.http.servlet.internal.ProxyServlet.processAlias(ProxyServlet.java:126) ~[na:na]
	at org.eclipse.equinox.http.servlet.internal.ProxyServlet.service(ProxyServlet.java:68) ~[na:na]
	at javax.servlet.http.HttpServlet.service(HttpServlet.java:820) ~[javax.servlet_2.5.0.v201103041518.jar:na]
	at org.eclipse.equinox.http.jetty.internal.HttpServerManager$InternalHttpServiceServlet.service(HttpServerManager.java:317) ~[org.eclipse.equinox.http.jetty_2.0.100.v20110502.jar:na]
	at org.mortbay.jetty.servlet.ServletHolder.handle(ServletHolder.java:511) ~[org.mortbay.jetty.server_6.1.23.v201012071420.jar:na]
	at org.mortbay.jetty.servlet.ServletHandler.handle(ServletHandler.java:390) ~[org.mortbay.jetty.server_6.1.23.v201012071420.jar:na]
	at org.mortbay.jetty.servlet.SessionHandler.handle(SessionHandler.java:182) ~[org.mortbay.jetty.server_6.1.23.v201012071420.jar:na]
	at org.mortbay.jetty.handler.ContextHandler.handle(ContextHandler.java:765) ~[org.mortbay.jetty.server_6.1.23.v201012071420.jar:na]
	at org.mortbay.jetty.handler.HandlerWrapper.handle(HandlerWrapper.java:152) ~[org.mortbay.jetty.server_6.1.23.v201012071420.jar:na]
	at org.mortbay.jetty.Server.handle(Server.java:326) ~[org.mortbay.jetty.server_6.1.23.v201012071420.jar:na]
	at org.mortbay.jetty.HttpConnection.handleRequest(HttpConnection.java:542) [org.mortbay.jetty.server_6.1.23.v201012071420.jar:na]
	at org.mortbay.jetty.HttpConnection$RequestHandler.headerComplete(HttpConnection.java:924) [org.mortbay.jetty.server_6.1.23.v201012071420.jar:na]
	at org.mortbay.jetty.HttpParser.parseNext(HttpParser.java:549) [org.mortbay.jetty.server_6.1.23.v201012071420.jar:na]
	at org.mortbay.jetty.HttpParser.parseAvailable(HttpParser.java:212) [org.mortbay.jetty.server_6.1.23.v201012071420.jar:na]
	at org.mortbay.jetty.HttpConnection.handle(HttpConnection.java:404) [org.mortbay.jetty.server_6.1.23.v201012071420.jar:na]
	at org.mortbay.io.nio.SelectChannelEndPoint.run(SelectChannelEndPoint.java:409) [org.mortbay.jetty.server_6.1.23.v201012071420.jar:na]
	at org.mortbay.thread.QueuedThreadPool$PoolThread.run(QueuedThreadPool.java:582) [org.mortbay.jetty.util_6.1.23.v201012071420.jar:na]
Caused by: org.eclipse.persistence.exceptions.DatabaseException: 
Internal Exception: java.sql.SQLIntegrityConstraintViolationException: The statement was aborted because it would have caused a duplicate key value in a unique or primary key constraint or unique index identified by 'SQL150527161635970' defined on 'CSAR'.
Error Code: 20000
Call: INSERT INTO CSAR (csarID, toscaMetaFile) VALUES (?, ?)
	bind => [2 parameters bound]
Query: InsertObjectQuery(org.opentosca.core.model.csar.CSARContent@f1cddfb)
	at org.eclipse.persistence.exceptions.DatabaseException.sqlException(DatabaseException.java:324) ~[na:na]
	at org.eclipse.persistence.internal.databaseaccess.DatabaseAccessor.executeDirectNoSelect(DatabaseAccessor.java:840) ~[na:na]
	at org.eclipse.persistence.internal.databaseaccess.DatabaseAccessor.executeNoSelect(DatabaseAccessor.java:906) ~[na:na]
	at org.eclipse.persistence.internal.databaseaccess.DatabaseAccessor.basicExecuteCall(DatabaseAccessor.java:592) ~[na:na]
	at org.eclipse.persistence.internal.databaseaccess.DatabaseAccessor.executeCall(DatabaseAccessor.java:535) ~[na:na]
	at org.eclipse.persistence.internal.sessions.AbstractSession.basicExecuteCall(AbstractSession.java:1717) ~[na:na]
	at org.eclipse.persistence.sessions.server.ClientSession.executeCall(ClientSession.java:253) ~[na:na]
	at org.eclipse.persistence.internal.queries.DatasourceCallQueryMechanism.executeCall(DatasourceCallQueryMechanism.java:207) ~[na:na]
	at org.eclipse.persistence.internal.queries.DatasourceCallQueryMechanism.executeCall(DatasourceCallQueryMechanism.java:193) ~[na:na]
	at org.eclipse.persistence.internal.queries.DatasourceCallQueryMechanism.insertObject(DatasourceCallQueryMechanism.java:342) ~[na:na]
	at org.eclipse.persistence.internal.queries.StatementQueryMechanism.insertObject(StatementQueryMechanism.java:162) ~[na:na]
	at org.eclipse.persistence.internal.queries.StatementQueryMechanism.insertObject(StatementQueryMechanism.java:177) ~[na:na]
	at org.eclipse.persistence.internal.queries.DatabaseQueryMechanism.insertObjectForWrite(DatabaseQueryMechanism.java:472) ~[na:na]
	at org.eclipse.persistence.queries.InsertObjectQuery.executeCommit(InsertObjectQuery.java:80) ~[na:na]
	at org.eclipse.persistence.queries.InsertObjectQuery.executeCommitWithChangeSet(InsertObjectQuery.java:90) ~[na:na]
	at org.eclipse.persistence.internal.queries.DatabaseQueryMechanism.executeWriteWithChangeSet(DatabaseQueryMechanism.java:287) ~[na:na]
	at org.eclipse.persistence.queries.WriteObjectQuery.executeDatabaseQuery(WriteObjectQuery.java:58) ~[na:na]
	at org.eclipse.persistence.queries.DatabaseQuery.execute(DatabaseQuery.java:844) ~[na:na]
	at org.eclipse.persistence.queries.DatabaseQuery.executeInUnitOfWork(DatabaseQuery.java:743) ~[na:na]
	at org.eclipse.persistence.queries.ObjectLevelModifyQuery.executeInUnitOfWorkObjectLevelModifyQuery(ObjectLevelModifyQuery.java:108) ~[na:na]
	at org.eclipse.persistence.queries.ObjectLevelModifyQuery.executeInUnitOfWork(ObjectLevelModifyQuery.java:85) ~[na:na]
	at org.eclipse.persistence.internal.sessions.UnitOfWorkImpl.internalExecuteQuery(UnitOfWorkImpl.java:2871) ~[na:na]
	at org.eclipse.persistence.internal.sessions.AbstractSession.executeQuery(AbstractSession.java:1516) ~[na:na]
	at org.eclipse.persistence.internal.sessions.AbstractSession.executeQuery(AbstractSession.java:1498) ~[na:na]
	at org.eclipse.persistence.internal.sessions.AbstractSession.executeQuery(AbstractSession.java:1449) ~[na:na]
	at org.eclipse.persistence.internal.sessions.CommitManager.commitChangedObjectsForClassWithChangeSet(CommitManager.java:265) ~[na:na]
	at org.eclipse.persistence.internal.sessions.CommitManager.commitAllObjectsForClassWithChangeSet(CommitManager.java:190) ~[na:na]
	at org.eclipse.persistence.internal.sessions.CommitManager.commitAllObjectsWithChangeSet(CommitManager.java:136) ~[na:na]
	at org.eclipse.persistence.internal.sessions.AbstractSession.writeAllObjectsWithChangeSet(AbstractSession.java:3799) ~[na:na]
	at org.eclipse.persistence.internal.sessions.UnitOfWorkImpl.commitToDatabase(UnitOfWorkImpl.java:1415) ~[na:na]
	at org.eclipse.persistence.internal.sessions.RepeatableWriteUnitOfWork.commitToDatabase(RepeatableWriteUnitOfWork.java:636) ~[na:na]
	at org.eclipse.persistence.internal.sessions.UnitOfWorkImpl.commitToDatabaseWithPreBuiltChangeSet(UnitOfWorkImpl.java:1561) ~[na:na]
	at org.eclipse.persistence.internal.sessions.RepeatableWriteUnitOfWork.writeChanges(RepeatableWriteUnitOfWork.java:447) ~[na:na]
	at org.eclipse.persistence.internal.jpa.EntityManagerImpl.flush(EntityManagerImpl.java:780) ~[na:na]
	... 43 common frames omitted
Caused by: java.sql.SQLIntegrityConstraintViolationException: The statement was aborted because it would have caused a duplicate key value in a unique or primary key constraint or unique index identified by 'SQL150527161635970' defined on 'CSAR'.
	at org.apache.derby.impl.jdbc.SQLExceptionFactory40.getSQLException(Unknown Source) ~[na:na]
	at org.apache.derby.impl.jdbc.Util.generateCsSQLException(Unknown Source) ~[na:na]
	at org.apache.derby.impl.jdbc.TransactionResourceImpl.wrapInSQLException(Unknown Source) ~[na:na]
	at org.apache.derby.impl.jdbc.TransactionResourceImpl.handleException(Unknown Source) ~[na:na]
	at org.apache.derby.impl.jdbc.EmbedConnection.handleException(Unknown Source) ~[na:na]
	at org.apache.derby.impl.jdbc.ConnectionChild.handleException(Unknown Source) ~[na:na]
	at org.apache.derby.impl.jdbc.EmbedStatement.executeStatement(Unknown Source) ~[na:na]
	at org.apache.derby.impl.jdbc.EmbedPreparedStatement.executeStatement(Unknown Source) ~[na:na]
	at org.apache.derby.impl.jdbc.EmbedPreparedStatement.executeLargeUpdate(Unknown Source) ~[na:na]
	at org.apache.derby.impl.jdbc.EmbedPreparedStatement.executeUpdate(Unknown Source) ~[na:na]
	at org.eclipse.persistence.internal.databaseaccess.DatabaseAccessor.executeDirectNoSelect(DatabaseAccessor.java:831) ~[na:na]
	... 75 common frames omitted
Caused by: org.apache.derby.impl.jdbc.EmbedSQLException: The statement was aborted because it would have caused a duplicate key value in a unique or primary key constraint or unique index identified by 'SQL150527161635970' defined on 'CSAR'.
	at org.apache.derby.impl.jdbc.SQLExceptionFactory.getSQLException(Unknown Source) ~[na:na]
	at org.apache.derby.impl.jdbc.SQLExceptionFactory40.wrapArgsForTransportAcrossDRDA(Unknown Source) ~[na:na]
	... 86 common frames omitted
Caused by: org.apache.derby.iapi.error.StandardException: The statement was aborted because it would have caused a duplicate key value in a unique or primary key constraint or unique index identified by 'SQL150527161635970' defined on 'CSAR'.
	at org.apache.derby.iapi.error.StandardException.newException(Unknown Source) ~[na:na]
	at org.apache.derby.impl.sql.execute.IndexChanger.insertAndCheckDups(Unknown Source) ~[na:na]
	at org.apache.derby.impl.sql.execute.IndexChanger.doInsert(Unknown Source) ~[na:na]
	at org.apache.derby.impl.sql.execute.IndexChanger.insert(Unknown Source) ~[na:na]
	at org.apache.derby.impl.sql.execute.IndexSetChanger.insert(Unknown Source) ~[na:na]
	at org.apache.derby.impl.sql.execute.RowChangerImpl.insertRow(Unknown Source) ~[na:na]
	at org.apache.derby.impl.sql.execute.InsertResultSet.normalInsertCore(Unknown Source) ~[na:na]
	at org.apache.derby.impl.sql.execute.InsertResultSet.open(Unknown Source) ~[na:na]
	at org.apache.derby.impl.sql.GenericPreparedStatement.executeStmt(Unknown Source) ~[na:na]
	at org.apache.derby.impl.sql.GenericPreparedStatement.execute(Unknown Source) ~[na:na]
	... 80 common frames omitted
2015-05-27 16:34:38,692  ERROR  org.mortbay.log                           /containerapi/CSARs
javax.persistence.PersistenceException: Exception [EclipseLink-4002] (Eclipse Persistence Services - 2.3.2.v20111125-r10461): org.eclipse.persistence.exceptions.DatabaseException
Internal Exception: java.sql.SQLIntegrityConstraintViolationException: The statement was aborted because it would have caused a duplicate key value in a unique or primary key constraint or unique index identified by 'SQL150527161635970' defined on 'CSAR'.
Error Code: 30000
Call: INSERT INTO CSAR (csarID, toscaMetaFile) VALUES (?, ?)
	bind => [2 parameters bound]
Query: InsertObjectQuery(org.opentosca.core.model.csar.CSARContent@f1cddfb)
	at org.eclipse.persistence.internal.jpa.EntityManagerImpl.flush(EntityManagerImpl.java:786) ~[na:na]
	at org.eclipse.persistence.internal.jpa.EJBQueryImpl.performPreQueryFlush(EJBQueryImpl.java:1298) ~[na:na]
	at org.eclipse.persistence.internal.jpa.EJBQueryImpl.executeReadQuery(EJBQueryImpl.java:434) ~[na:na]
	at org.eclipse.persistence.internal.jpa.EJBQueryImpl.getResultList(EJBQueryImpl.java:742) ~[na:na]
	at org.opentosca.core.internal.file.service.impl.csar.jpa.CSARMetaDataJPAStore.getCSARIDsMetaData(CSARMetaDataJPAStore.java:166) ~[na:na]
	at org.opentosca.core.internal.file.service.impl.CoreInternalFileServiceImpl.getCSARIDs(CoreInternalFileServiceImpl.java:177) ~[na:na]
	at org.opentosca.core.file.service.impl.CoreFileServiceImpl.getCSARIDs(CoreFileServiceImpl.java:170) ~[na:na]
	at org.opentosca.containerapi.resources.csar.CSARsResource.getReferences(CSARsResource.java:89) ~[na:na]
	at sun.reflect.GeneratedMethodAccessor28.invoke(Unknown Source) ~[na:na]
	at sun.reflect.DelegatingMethodAccessorImpl.invoke(DelegatingMethodAccessorImpl.java:43) ~[na:1.7.0_79]
	at java.lang.reflect.Method.invoke(Method.java:606) ~[na:1.7.0_79]
	at com.sun.jersey.spi.container.JavaMethodInvokerFactory$1.invoke(JavaMethodInvokerFactory.java:60) ~[na:na]
	at com.sun.jersey.server.impl.model.method.dispatch.AbstractResourceMethodDispatchProvider$ResponseOutInvoker._dispatch(AbstractResourceMethodDispatchProvider.java:205) ~[na:na]
	at com.sun.jersey.server.impl.model.method.dispatch.ResourceJavaMethodDispatcher.dispatch(ResourceJavaMethodDispatcher.java:75) ~[na:na]
	at com.sun.jersey.server.impl.uri.rules.HttpMethodRule.accept(HttpMethodRule.java:302) ~[na:na]
	at com.sun.jersey.server.impl.uri.rules.ResourceClassRule.accept(ResourceClassRule.java:108) ~[na:na]
	at com.sun.jersey.server.impl.uri.rules.RightHandPathRule.accept(RightHandPathRule.java:147) ~[na:na]
	at com.sun.jersey.server.impl.uri.rules.RootResourceClassesRule.accept(RootResourceClassesRule.java:84) ~[na:na]
	at com.sun.jersey.server.impl.application.WebApplicationImpl._handleRequest(WebApplicationImpl.java:1511) ~[na:na]
	at com.sun.jersey.server.impl.application.WebApplicationImpl._handleRequest(WebApplicationImpl.java:1442) ~[na:na]
	at com.sun.jersey.server.impl.application.WebApplicationImpl.handleRequest(WebApplicationImpl.java:1391) ~[na:na]
	at com.sun.jersey.server.impl.application.WebApplicationImpl.handleRequest(WebApplicationImpl.java:1381) ~[na:na]
	at com.sun.jersey.spi.container.servlet.WebComponent.service(WebComponent.java:416) ~[na:na]
	at com.sun.jersey.spi.container.servlet.ServletContainer.service(ServletContainer.java:538) ~[na:na]
	at com.sun.jersey.spi.container.servlet.ServletContainer.service(ServletContainer.java:716) ~[na:na]
	at javax.servlet.http.HttpServlet.service(HttpServlet.java:820) ~[javax.servlet_2.5.0.v201103041518.jar:na]
	at org.eclipse.equinox.http.servlet.internal.ServletRegistration.service(ServletRegistration.java:61) ~[na:na]
	at org.eclipse.equinox.http.servlet.internal.ProxyServlet.processAlias(ProxyServlet.java:126) ~[na:na]
	at org.eclipse.equinox.http.servlet.internal.ProxyServlet.service(ProxyServlet.java:68) ~[na:na]
	at javax.servlet.http.HttpServlet.service(HttpServlet.java:820) ~[javax.servlet_2.5.0.v201103041518.jar:na]
	at org.eclipse.equinox.http.jetty.internal.HttpServerManager$InternalHttpServiceServlet.service(HttpServerManager.java:317) ~[org.eclipse.equinox.http.jetty_2.0.100.v20110502.jar:na]
	at org.mortbay.jetty.servlet.ServletHolder.handle(ServletHolder.java:511) ~[org.mortbay.jetty.server_6.1.23.v201012071420.jar:na]
	at org.mortbay.jetty.servlet.ServletHandler.handle(ServletHandler.java:390) ~[org.mortbay.jetty.server_6.1.23.v201012071420.jar:na]
	at org.mortbay.jetty.servlet.SessionHandler.handle(SessionHandler.java:182) ~[org.mortbay.jetty.server_6.1.23.v201012071420.jar:na]
	at org.mortbay.jetty.handler.ContextHandler.handle(ContextHandler.java:765) ~[org.mortbay.jetty.server_6.1.23.v201012071420.jar:na]
	at org.mortbay.jetty.handler.HandlerWrapper.handle(HandlerWrapper.java:152) ~[org.mortbay.jetty.server_6.1.23.v201012071420.jar:na]
	at org.mortbay.jetty.Server.handle(Server.java:326) ~[org.mortbay.jetty.server_6.1.23.v201012071420.jar:na]
	at org.mortbay.jetty.HttpConnection.handleRequest(HttpConnection.java:542) [org.mortbay.jetty.server_6.1.23.v201012071420.jar:na]
	at org.mortbay.jetty.HttpConnection$RequestHandler.headerComplete(HttpConnection.java:924) [org.mortbay.jetty.server_6.1.23.v201012071420.jar:na]
	at org.mortbay.jetty.HttpParser.parseNext(HttpParser.java:549) [org.mortbay.jetty.server_6.1.23.v201012071420.jar:na]
	at org.mortbay.jetty.HttpParser.parseAvailable(HttpParser.java:212) [org.mortbay.jetty.server_6.1.23.v201012071420.jar:na]
	at org.mortbay.jetty.HttpConnection.handle(HttpConnection.java:404) [org.mortbay.jetty.server_6.1.23.v201012071420.jar:na]
	at org.mortbay.io.nio.SelectChannelEndPoint.run(SelectChannelEndPoint.java:409) [org.mortbay.jetty.server_6.1.23.v201012071420.jar:na]
	at org.mortbay.thread.QueuedThreadPool$PoolThread.run(QueuedThreadPool.java:582) [org.mortbay.jetty.util_6.1.23.v201012071420.jar:na]
Caused by: org.eclipse.persistence.exceptions.DatabaseException: 
Internal Exception: java.sql.SQLIntegrityConstraintViolationException: The statement was aborted because it would have caused a duplicate key value in a unique or primary key constraint or unique index identified by 'SQL150527161635970' defined on 'CSAR'.
Error Code: 30000
Call: INSERT INTO CSAR (csarID, toscaMetaFile) VALUES (?, ?)
	bind => [2 parameters bound]
Query: InsertObjectQuery(org.opentosca.core.model.csar.CSARContent@f1cddfb)
	at org.eclipse.persistence.exceptions.DatabaseException.sqlException(DatabaseException.java:324) ~[na:na]
	at org.eclipse.persistence.internal.databaseaccess.DatabaseAccessor.executeDirectNoSelect(DatabaseAccessor.java:840) ~[na:na]
	at org.eclipse.persistence.internal.databaseaccess.DatabaseAccessor.executeNoSelect(DatabaseAccessor.java:906) ~[na:na]
	at org.eclipse.persistence.internal.databaseaccess.DatabaseAccessor.basicExecuteCall(DatabaseAccessor.java:592) ~[na:na]
	at org.eclipse.persistence.internal.databaseaccess.DatabaseAccessor.executeCall(DatabaseAccessor.java:535) ~[na:na]
	at org.eclipse.persistence.internal.sessions.AbstractSession.basicExecuteCall(AbstractSession.java:1717) ~[na:na]
	at org.eclipse.persistence.sessions.server.ClientSession.executeCall(ClientSession.java:253) ~[na:na]
	at org.eclipse.persistence.internal.queries.DatasourceCallQueryMechanism.executeCall(DatasourceCallQueryMechanism.java:207) ~[na:na]
	at org.eclipse.persistence.internal.queries.DatasourceCallQueryMechanism.executeCall(DatasourceCallQueryMechanism.java:193) ~[na:na]
	at org.eclipse.persistence.internal.queries.DatasourceCallQueryMechanism.insertObject(DatasourceCallQueryMechanism.java:342) ~[na:na]
	at org.eclipse.persistence.internal.queries.StatementQueryMechanism.insertObject(StatementQueryMechanism.java:162) ~[na:na]
	at org.eclipse.persistence.internal.queries.StatementQueryMechanism.insertObject(StatementQueryMechanism.java:177) ~[na:na]
	at org.eclipse.persistence.internal.queries.DatabaseQueryMechanism.insertObjectForWrite(DatabaseQueryMechanism.java:472) ~[na:na]
	at org.eclipse.persistence.queries.InsertObjectQuery.executeCommit(InsertObjectQuery.java:80) ~[na:na]
	at org.eclipse.persistence.queries.InsertObjectQuery.executeCommitWithChangeSet(InsertObjectQuery.java:90) ~[na:na]
	at org.eclipse.persistence.internal.queries.DatabaseQueryMechanism.executeWriteWithChangeSet(DatabaseQueryMechanism.java:287) ~[na:na]
	at org.eclipse.persistence.queries.WriteObjectQuery.executeDatabaseQuery(WriteObjectQuery.java:58) ~[na:na]
	at org.eclipse.persistence.queries.DatabaseQuery.execute(DatabaseQuery.java:844) ~[na:na]
	at org.eclipse.persistence.queries.DatabaseQuery.executeInUnitOfWork(DatabaseQuery.java:743) ~[na:na]
	at org.eclipse.persistence.queries.ObjectLevelModifyQuery.executeInUnitOfWorkObjectLevelModifyQuery(ObjectLevelModifyQuery.java:108) ~[na:na]
	at org.eclipse.persistence.queries.ObjectLevelModifyQuery.executeInUnitOfWork(ObjectLevelModifyQuery.java:85) ~[na:na]
	at org.eclipse.persistence.internal.sessions.UnitOfWorkImpl.internalExecuteQuery(UnitOfWorkImpl.java:2871) ~[na:na]
	at org.eclipse.persistence.internal.sessions.AbstractSession.executeQuery(AbstractSession.java:1516) ~[na:na]
	at org.eclipse.persistence.internal.sessions.AbstractSession.executeQuery(AbstractSession.java:1498) ~[na:na]
	at org.eclipse.persistence.internal.sessions.AbstractSession.executeQuery(AbstractSession.java:1449) ~[na:na]
	at org.eclipse.persistence.internal.sessions.CommitManager.commitChangedObjectsForClassWithChangeSet(CommitManager.java:265) ~[na:na]
	at org.eclipse.persistence.internal.sessions.CommitManager.commitAllObjectsForClassWithChangeSet(CommitManager.java:190) ~[na:na]
	at org.eclipse.persistence.internal.sessions.CommitManager.commitAllObjectsWithChangeSet(CommitManager.java:136) ~[na:na]
	at org.eclipse.persistence.internal.sessions.AbstractSession.writeAllObjectsWithChangeSet(AbstractSession.java:3799) ~[na:na]
	at org.eclipse.persistence.internal.sessions.UnitOfWorkImpl.commitToDatabase(UnitOfWorkImpl.java:1415) ~[na:na]
	at org.eclipse.persistence.internal.sessions.RepeatableWriteUnitOfWork.commitToDatabase(RepeatableWriteUnitOfWork.java:636) ~[na:na]
	at org.eclipse.persistence.internal.sessions.UnitOfWorkImpl.commitToDatabaseWithPreBuiltChangeSet(UnitOfWorkImpl.java:1561) ~[na:na]
	at org.eclipse.persistence.internal.sessions.RepeatableWriteUnitOfWork.writeChanges(RepeatableWriteUnitOfWork.java:447) ~[na:na]
	at org.eclipse.persistence.internal.jpa.EntityManagerImpl.flush(EntityManagerImpl.java:780) ~[na:na]
	... 43 common frames omitted
Caused by: java.sql.SQLIntegrityConstraintViolationException: The statement was aborted because it would have caused a duplicate key value in a unique or primary key constraint or unique index identified by 'SQL150527161635970' defined on 'CSAR'.
	at org.apache.derby.impl.jdbc.SQLExceptionFactory40.getSQLException(Unknown Source) ~[na:na]
	at org.apache.derby.impl.jdbc.Util.generateCsSQLException(Unknown Source) ~[na:na]
	at org.apache.derby.impl.jdbc.TransactionResourceImpl.wrapInSQLException(Unknown Source) ~[na:na]
	at org.apache.derby.impl.jdbc.TransactionResourceImpl.handleException(Unknown Source) ~[na:na]
	at org.apache.derby.impl.jdbc.EmbedConnection.handleException(Unknown Source) ~[na:na]
	at org.apache.derby.impl.jdbc.ConnectionChild.handleException(Unknown Source) ~[na:na]
	at org.apache.derby.impl.jdbc.EmbedStatement.executeStatement(Unknown Source) ~[na:na]
	at org.apache.derby.impl.jdbc.EmbedPreparedStatement.executeStatement(Unknown Source) ~[na:na]
	at org.apache.derby.impl.jdbc.EmbedPreparedStatement.executeLargeUpdate(Unknown Source) ~[na:na]
	at org.apache.derby.impl.jdbc.EmbedPreparedStatement.executeUpdate(Unknown Source) ~[na:na]
	at org.eclipse.persistence.internal.databaseaccess.DatabaseAccessor.executeDirectNoSelect(DatabaseAccessor.java:831) ~[na:na]
	... 75 common frames omitted
Caused by: org.apache.derby.impl.jdbc.EmbedSQLException: The statement was aborted because it would have caused a duplicate key value in a unique or primary key constraint or unique index identified by 'SQL150527161635970' defined on 'CSAR'.
	at org.apache.derby.impl.jdbc.SQLExceptionFactory.getSQLException(Unknown Source) ~[na:na]
	at org.apache.derby.impl.jdbc.SQLExceptionFactory40.wrapArgsForTransportAcrossDRDA(Unknown Source) ~[na:na]
	... 86 common frames omitted
Caused by: org.apache.derby.iapi.error.StandardException: The statement was aborted because it would have caused a duplicate key value in a unique or primary key constraint or unique index identified by 'SQL150527161635970' defined on 'CSAR'.
	at org.apache.derby.iapi.error.StandardException.newException(Unknown Source) ~[na:na]
	at org.apache.derby.impl.sql.execute.IndexChanger.insertAndCheckDups(Unknown Source) ~[na:na]
	at org.apache.derby.impl.sql.execute.IndexChanger.doInsert(Unknown Source) ~[na:na]
	at org.apache.derby.impl.sql.execute.IndexChanger.insert(Unknown Source) ~[na:na]
	at org.apache.derby.impl.sql.execute.IndexSetChanger.insert(Unknown Source) ~[na:na]
	at org.apache.derby.impl.sql.execute.RowChangerImpl.insertRow(Unknown Source) ~[na:na]
	at org.apache.derby.impl.sql.execute.InsertResultSet.normalInsertCore(Unknown Source) ~[na:na]
	at org.apache.derby.impl.sql.execute.InsertResultSet.open(Unknown Source) ~[na:na]
	at org.apache.derby.impl.sql.GenericPreparedStatement.executeStmt(Unknown Source) ~[na:na]
	at org.apache.derby.impl.sql.GenericPreparedStatement.execute(Unknown Source) ~[na:na]
	... 80 common frames omitted
2015-05-27 16:34:44,401  ERROR  o.o.t.s.impl.resolver.ReferenceMapper     The element with the name "{http://docs.oasis-open.org/tosca/ns/2011/12/ToscaBaseTypes}ServerProperties" was not found.
2015-05-27 16:34:44,401  ERROR  o.o.t.s.impl.resolver.ReferenceMapper     The requested Element was not found!
2015-05-27 16:34:45,253  ERROR  o.o.t.s.impl.resolver.ReferenceMapper     The element with the name "{http://docs.oasis-open.org/tosca/ns/2011/12/ToscaSpecificTypes}ApacheWebServerProperties" was not found.
2015-05-27 16:34:45,254  ERROR  o.o.t.s.impl.resolver.ReferenceMapper     The requested Element was not found!
2015-05-27 16:34:45,308  ERROR  o.o.t.s.impl.resolver.ReferenceMapper     The element with the name "{http://docs.oasis-open.org/tosca/ns/2011/12/ToscaSpecificTypes}ApacheLoadbalancerModuleProperties" was not found.
2015-05-27 16:34:45,308  ERROR  o.o.t.s.impl.resolver.ReferenceMapper     The requested Element was not found!
2015-05-27 16:34:45,319  ERROR  o.o.t.s.impl.resolver.ReferenceMapper     The element with the name "{http://docs.oasis-open.org/tosca/ns/2011/12/ToscaSpecificTypes}MySQLProperties" was not found.
2015-05-27 16:34:45,319  ERROR  o.o.t.s.impl.resolver.ReferenceMapper     The requested Element was not found!
2015-05-27 16:34:46,162  ERROR  o.o.t.s.impl.resolver.ReferenceMapper     The element with the name "{http://www.example.com/tosca/Types/Moodle}MoodleApplicationProperties" was not found.
2015-05-27 16:34:46,166  ERROR  o.o.t.s.impl.resolver.ReferenceMapper     The requested Element was not found!
2015-05-27 16:34:46,212  ERROR  o.o.t.s.impl.resolver.ReferenceMapper     The element with the name "{http://www.example.com/tosca/Types/Moodle}MoodleDatabaseProperties" was not found.
2015-05-27 16:34:46,218  ERROR  o.o.t.s.impl.resolver.ReferenceMapper     The requested Element was not found!

